[25-Jan-2024 15:28:27 America/Lima] PHP Deprecated:  Function utf8_decode() is deprecated in C:\xampp\htdocs\clientes\walga\reports\comprobante_venta_ticket.php on line 85
[25-Jan-2024 15:28:27 America/Lima] PHP Deprecated:  Function utf8_decode() is deprecated in C:\xampp\htdocs\clientes\walga\reports\comprobante_venta_ticket.php on line 86
[25-Jan-2024 15:28:27 America/Lima] PHP Deprecated:  Function utf8_decode() is deprecated in C:\xampp\htdocs\clientes\walga\reports\comprobante_venta_ticket.php on line 88
[25-Jan-2024 15:28:27 America/Lima] PHP Deprecated:  Function utf8_decode() is deprecated in C:\xampp\htdocs\clientes\walga\reports\comprobante_venta_ticket.php on line 95
[25-Jan-2024 15:28:27 America/Lima] PHP Deprecated:  Function utf8_decode() is deprecated in C:\xampp\htdocs\clientes\walga\reports\comprobante_venta_ticket.php on line 108
[25-Jan-2024 15:28:27 America/Lima] PHP Deprecated:  Function utf8_decode() is deprecated in C:\xampp\htdocs\clientes\walga\reports\comprobante_venta_ticket.php on line 125
[25-Jan-2024 15:28:27 America/Lima] PHP Fatal error:  Uncaught Exception: FPDF error: Some data has already been output, can't send PDF file (output started at C:\xampp\htdocs\clientes\walga\reports\comprobante_venta_ticket.php:85) in C:\xampp\htdocs\clientes\walga\tools\fpdf\fpdf.php:265
Stack trace:
#0 C:\xampp\htdocs\clientes\walga\tools\fpdf\fpdf.php(992): FPDF->Error('Some data has a...')
#1 C:\xampp\htdocs\clientes\walga\tools\fpdf\fpdf.php(941): FPDF->_checkoutput()
#2 C:\xampp\htdocs\clientes\walga\reports\comprobante_venta_ticket.php(130): FPDF->Output()
#3 {main}
  thrown in C:\xampp\htdocs\clientes\walga\tools\fpdf\fpdf.php on line 265
[25-Jan-2024 17:22:40 America/Lima] PHP Deprecated:  str_pad(): Passing null to parameter #1 ($string) of type string is deprecated in C:\xampp\htdocs\clientes\walga\tools\Util.php on line 74
[25-Jan-2024 17:22:40 America/Lima] PHP Deprecated:  str_pad(): Passing null to parameter #1 ($string) of type string is deprecated in C:\xampp\htdocs\clientes\walga\tools\Util.php on line 74
[25-Jan-2024 17:22:40 America/Lima] PHP Deprecated:  str_pad(): Passing null to parameter #1 ($string) of type string is deprecated in C:\xampp\htdocs\clientes\walga\tools\Util.php on line 74
[25-Jan-2024 17:22:40 America/Lima] PHP Deprecated:  DateTime::__construct(): Passing null to parameter #1 ($datetime) of type string is deprecated in C:\xampp\htdocs\clientes\walga\tools\Util.php on line 95
[25-Jan-2024 17:22:40 America/Lima] PHP Warning:  fopen(../public/qr//.png): Failed to open stream: No such file or directory in C:\xampp\htdocs\clientes\walga\tools\fpdf\fpdf.php on line 1185
[25-Jan-2024 17:22:40 America/Lima] PHP Fatal error:  Uncaught Exception: FPDF error: Can't open image file: ../public/qr//.png in C:\xampp\htdocs\clientes\walga\tools\fpdf\fpdf.php:265
Stack trace:
#0 C:\xampp\htdocs\clientes\walga\tools\fpdf\fpdf.php(1187): FPDF->Error('Can't open imag...')
#1 C:\xampp\htdocs\clientes\walga\tools\fpdf\fpdf.php(833): FPDF->_parsepng('../public/qr//....')
#2 C:\xampp\htdocs\clientes\walga\reports\comprobante_venta_ticket.php(112): FPDF->Image('../public/qr//....', 8, 62, 22, 22)
#3 {main}
  thrown in C:\xampp\htdocs\clientes\walga\tools\fpdf\fpdf.php on line 265
[25-Jan-2024 17:22:46 America/Lima] PHP Deprecated:  str_pad(): Passing null to parameter #1 ($string) of type string is deprecated in C:\xampp\htdocs\clientes\walga\tools\Util.php on line 74
[25-Jan-2024 17:22:46 America/Lima] PHP Deprecated:  str_pad(): Passing null to parameter #1 ($string) of type string is deprecated in C:\xampp\htdocs\clientes\walga\tools\Util.php on line 74
[25-Jan-2024 17:22:46 America/Lima] PHP Deprecated:  str_pad(): Passing null to parameter #1 ($string) of type string is deprecated in C:\xampp\htdocs\clientes\walga\tools\Util.php on line 74
[25-Jan-2024 17:22:46 America/Lima] PHP Deprecated:  DateTime::__construct(): Passing null to parameter #1 ($datetime) of type string is deprecated in C:\xampp\htdocs\clientes\walga\tools\Util.php on line 95
[25-Jan-2024 17:22:46 America/Lima] PHP Warning:  fopen(../public/qr//.png): Failed to open stream: No such file or directory in C:\xampp\htdocs\clientes\walga\tools\fpdf\fpdf.php on line 1185
[25-Jan-2024 17:22:46 America/Lima] PHP Fatal error:  Uncaught Exception: FPDF error: Can't open image file: ../public/qr//.png in C:\xampp\htdocs\clientes\walga\tools\fpdf\fpdf.php:265
Stack trace:
#0 C:\xampp\htdocs\clientes\walga\tools\fpdf\fpdf.php(1187): FPDF->Error('Can't open imag...')
#1 C:\xampp\htdocs\clientes\walga\tools\fpdf\fpdf.php(833): FPDF->_parsepng('../public/qr//....')
#2 C:\xampp\htdocs\clientes\walga\reports\comprobante_venta_ticket.php(112): FPDF->Image('../public/qr//....', 8, 62, 22, 22)
#3 {main}
  thrown in C:\xampp\htdocs\clientes\walga\tools\fpdf\fpdf.php on line 265
[25-Jan-2024 17:22:52 America/Lima] PHP Deprecated:  str_pad(): Passing null to parameter #1 ($string) of type string is deprecated in C:\xampp\htdocs\clientes\walga\tools\Util.php on line 74
[25-Jan-2024 17:22:52 America/Lima] PHP Deprecated:  str_pad(): Passing null to parameter #1 ($string) of type string is deprecated in C:\xampp\htdocs\clientes\walga\tools\Util.php on line 74
[25-Jan-2024 17:22:52 America/Lima] PHP Deprecated:  str_pad(): Passing null to parameter #1 ($string) of type string is deprecated in C:\xampp\htdocs\clientes\walga\tools\Util.php on line 74
[25-Jan-2024 17:22:52 America/Lima] PHP Deprecated:  DateTime::__construct(): Passing null to parameter #1 ($datetime) of type string is deprecated in C:\xampp\htdocs\clientes\walga\tools\Util.php on line 95
[25-Jan-2024 17:22:52 America/Lima] PHP Warning:  fopen(../public/qr//.png): Failed to open stream: No such file or directory in C:\xampp\htdocs\clientes\walga\tools\fpdf\fpdf.php on line 1185
[25-Jan-2024 17:22:52 America/Lima] PHP Fatal error:  Uncaught Exception: FPDF error: Can't open image file: ../public/qr//.png in C:\xampp\htdocs\clientes\walga\tools\fpdf\fpdf.php:265
Stack trace:
#0 C:\xampp\htdocs\clientes\walga\tools\fpdf\fpdf.php(1187): FPDF->Error('Can't open imag...')
#1 C:\xampp\htdocs\clientes\walga\tools\fpdf\fpdf.php(833): FPDF->_parsepng('../public/qr//....')
#2 C:\xampp\htdocs\clientes\walga\reports\comprobante_venta_ticket.php(112): FPDF->Image('../public/qr//....', 8, 62, 22, 22)
#3 {main}
  thrown in C:\xampp\htdocs\clientes\walga\tools\fpdf\fpdf.php on line 265
[25-Jan-2024 17:22:55 America/Lima] PHP Deprecated:  str_pad(): Passing null to parameter #1 ($string) of type string is deprecated in C:\xampp\htdocs\clientes\walga\tools\Util.php on line 74
[25-Jan-2024 17:22:55 America/Lima] PHP Deprecated:  str_pad(): Passing null to parameter #1 ($string) of type string is deprecated in C:\xampp\htdocs\clientes\walga\tools\Util.php on line 74
[25-Jan-2024 17:22:55 America/Lima] PHP Deprecated:  str_pad(): Passing null to parameter #1 ($string) of type string is deprecated in C:\xampp\htdocs\clientes\walga\tools\Util.php on line 74
[25-Jan-2024 17:22:55 America/Lima] PHP Deprecated:  DateTime::__construct(): Passing null to parameter #1 ($datetime) of type string is deprecated in C:\xampp\htdocs\clientes\walga\tools\Util.php on line 95
[25-Jan-2024 17:22:55 America/Lima] PHP Warning:  fopen(../public/qr//.png): Failed to open stream: No such file or directory in C:\xampp\htdocs\clientes\walga\tools\fpdf\fpdf.php on line 1185
[25-Jan-2024 17:22:55 America/Lima] PHP Fatal error:  Uncaught Exception: FPDF error: Can't open image file: ../public/qr//.png in C:\xampp\htdocs\clientes\walga\tools\fpdf\fpdf.php:265
Stack trace:
#0 C:\xampp\htdocs\clientes\walga\tools\fpdf\fpdf.php(1187): FPDF->Error('Can't open imag...')
#1 C:\xampp\htdocs\clientes\walga\tools\fpdf\fpdf.php(833): FPDF->_parsepng('../public/qr//....')
#2 C:\xampp\htdocs\clientes\walga\reports\comprobante_venta_ticket.php(112): FPDF->Image('../public/qr//....', 8, 62, 22, 22)
#3 {main}
  thrown in C:\xampp\htdocs\clientes\walga\tools\fpdf\fpdf.php on line 265
[25-Jan-2024 17:22:58 America/Lima] PHP Deprecated:  str_pad(): Passing null to parameter #1 ($string) of type string is deprecated in C:\xampp\htdocs\clientes\walga\tools\Util.php on line 74
[25-Jan-2024 17:22:58 America/Lima] PHP Deprecated:  str_pad(): Passing null to parameter #1 ($string) of type string is deprecated in C:\xampp\htdocs\clientes\walga\tools\Util.php on line 74
[25-Jan-2024 17:22:58 America/Lima] PHP Deprecated:  str_pad(): Passing null to parameter #1 ($string) of type string is deprecated in C:\xampp\htdocs\clientes\walga\tools\Util.php on line 74
[25-Jan-2024 17:22:58 America/Lima] PHP Deprecated:  DateTime::__construct(): Passing null to parameter #1 ($datetime) of type string is deprecated in C:\xampp\htdocs\clientes\walga\tools\Util.php on line 95
[25-Jan-2024 17:22:58 America/Lima] PHP Warning:  fopen(../public/qr//.png): Failed to open stream: No such file or directory in C:\xampp\htdocs\clientes\walga\tools\fpdf\fpdf.php on line 1185
[25-Jan-2024 17:22:58 America/Lima] PHP Fatal error:  Uncaught Exception: FPDF error: Can't open image file: ../public/qr//.png in C:\xampp\htdocs\clientes\walga\tools\fpdf\fpdf.php:265
Stack trace:
#0 C:\xampp\htdocs\clientes\walga\tools\fpdf\fpdf.php(1187): FPDF->Error('Can't open imag...')
#1 C:\xampp\htdocs\clientes\walga\tools\fpdf\fpdf.php(833): FPDF->_parsepng('../public/qr//....')
#2 C:\xampp\htdocs\clientes\walga\reports\comprobante_venta_ticket.php(112): FPDF->Image('../public/qr//....', 8, 62, 22, 22)
#3 {main}
  thrown in C:\xampp\htdocs\clientes\walga\tools\fpdf\fpdf.php on line 265
[25-Jan-2024 17:23:17 America/Lima] PHP Deprecated:  str_pad(): Passing null to parameter #1 ($string) of type string is deprecated in C:\xampp\htdocs\clientes\walga\tools\Util.php on line 74
[25-Jan-2024 17:23:17 America/Lima] PHP Deprecated:  str_pad(): Passing null to parameter #1 ($string) of type string is deprecated in C:\xampp\htdocs\clientes\walga\tools\Util.php on line 74
[25-Jan-2024 17:23:17 America/Lima] PHP Deprecated:  str_pad(): Passing null to parameter #1 ($string) of type string is deprecated in C:\xampp\htdocs\clientes\walga\tools\Util.php on line 74
[25-Jan-2024 17:23:17 America/Lima] PHP Deprecated:  DateTime::__construct(): Passing null to parameter #1 ($datetime) of type string is deprecated in C:\xampp\htdocs\clientes\walga\tools\Util.php on line 95
[25-Jan-2024 17:23:17 America/Lima] PHP Warning:  fopen(../public/qr//.png): Failed to open stream: No such file or directory in C:\xampp\htdocs\clientes\walga\tools\fpdf\fpdf.php on line 1185
[25-Jan-2024 17:23:17 America/Lima] PHP Fatal error:  Uncaught Exception: FPDF error: Can't open image file: ../public/qr//.png in C:\xampp\htdocs\clientes\walga\tools\fpdf\fpdf.php:265
Stack trace:
#0 C:\xampp\htdocs\clientes\walga\tools\fpdf\fpdf.php(1187): FPDF->Error('Can't open imag...')
#1 C:\xampp\htdocs\clientes\walga\tools\fpdf\fpdf.php(833): FPDF->_parsepng('../public/qr//....')
#2 C:\xampp\htdocs\clientes\walga\reports\comprobante_venta_ticket.php(112): FPDF->Image('../public/qr//....', 8, 62, 22, 22)
#3 {main}
  thrown in C:\xampp\htdocs\clientes\walga\tools\fpdf\fpdf.php on line 265
[25-Jan-2024 17:23:20 America/Lima] PHP Deprecated:  str_pad(): Passing null to parameter #1 ($string) of type string is deprecated in C:\xampp\htdocs\clientes\walga\tools\Util.php on line 74
[25-Jan-2024 17:23:20 America/Lima] PHP Deprecated:  str_pad(): Passing null to parameter #1 ($string) of type string is deprecated in C:\xampp\htdocs\clientes\walga\tools\Util.php on line 74
[25-Jan-2024 17:23:20 America/Lima] PHP Deprecated:  str_pad(): Passing null to parameter #1 ($string) of type string is deprecated in C:\xampp\htdocs\clientes\walga\tools\Util.php on line 74
[25-Jan-2024 17:23:20 America/Lima] PHP Deprecated:  DateTime::__construct(): Passing null to parameter #1 ($datetime) of type string is deprecated in C:\xampp\htdocs\clientes\walga\tools\Util.php on line 95
[25-Jan-2024 17:23:20 America/Lima] PHP Warning:  fopen(../public/qr//.png): Failed to open stream: No such file or directory in C:\xampp\htdocs\clientes\walga\tools\fpdf\fpdf.php on line 1185
[25-Jan-2024 17:23:20 America/Lima] PHP Fatal error:  Uncaught Exception: FPDF error: Can't open image file: ../public/qr//.png in C:\xampp\htdocs\clientes\walga\tools\fpdf\fpdf.php:265
Stack trace:
#0 C:\xampp\htdocs\clientes\walga\tools\fpdf\fpdf.php(1187): FPDF->Error('Can't open imag...')
#1 C:\xampp\htdocs\clientes\walga\tools\fpdf\fpdf.php(833): FPDF->_parsepng('../public/qr//....')
#2 C:\xampp\htdocs\clientes\walga\reports\comprobante_venta_ticket.php(112): FPDF->Image('../public/qr//....', 8, 62, 22, 22)
#3 {main}
  thrown in C:\xampp\htdocs\clientes\walga\tools\fpdf\fpdf.php on line 265
[25-Jan-2024 17:23:39 America/Lima] PHP Warning:  fopen(../public/qr/20605459707/.png): Failed to open stream: No such file or directory in C:\xampp\htdocs\clientes\walga\tools\fpdf\fpdf.php on line 1185
[25-Jan-2024 17:23:39 America/Lima] PHP Fatal error:  Uncaught Exception: FPDF error: Can't open image file: ../public/qr/20605459707/.png in C:\xampp\htdocs\clientes\walga\tools\fpdf\fpdf.php:265
Stack trace:
#0 C:\xampp\htdocs\clientes\walga\tools\fpdf\fpdf.php(1187): FPDF->Error('Can't open imag...')
#1 C:\xampp\htdocs\clientes\walga\tools\fpdf\fpdf.php(833): FPDF->_parsepng('../public/qr/20...')
#2 C:\xampp\htdocs\clientes\walga\reports\comprobante_venta_ticket.php(112): FPDF->Image('../public/qr/20...', 8, 78, 22, 22)
#3 {main}
  thrown in C:\xampp\htdocs\clientes\walga\tools\fpdf\fpdf.php on line 265
[25-Jan-2024 17:23:44 America/Lima] PHP Warning:  fopen(../public/qr/20605459707/.png): Failed to open stream: No such file or directory in C:\xampp\htdocs\clientes\walga\tools\fpdf\fpdf.php on line 1185
[25-Jan-2024 17:23:44 America/Lima] PHP Fatal error:  Uncaught Exception: FPDF error: Can't open image file: ../public/qr/20605459707/.png in C:\xampp\htdocs\clientes\walga\tools\fpdf\fpdf.php:265
Stack trace:
#0 C:\xampp\htdocs\clientes\walga\tools\fpdf\fpdf.php(1187): FPDF->Error('Can't open imag...')
#1 C:\xampp\htdocs\clientes\walga\tools\fpdf\fpdf.php(833): FPDF->_parsepng('../public/qr/20...')
#2 C:\xampp\htdocs\clientes\walga\reports\comprobante_venta_ticket.php(112): FPDF->Image('../public/qr/20...', 8, 74, 22, 22)
#3 {main}
  thrown in C:\xampp\htdocs\clientes\walga\tools\fpdf\fpdf.php on line 265
