[25-Jan-2024 11:29:13 America/Lima] PHP Fatal error:  Uncaught Error: Cannot use object of type stdClass as array in C:\xampp\htdocs\clientes\walga\pwa\controller\dao_ventas.php:55
Stack trace:
#0 {main}
  thrown in C:\xampp\htdocs\clientes\walga\pwa\controller\dao_ventas.php on line 55
[25-Jan-2024 11:29:54 America/Lima] PHP Fatal error:  Uncaught mysqli_sql_exception: Duplicate entry '3-BC03-0' for key 'unq_ventas' in C:\xampp\htdocs\clientes\walga\models\Conectar.php:206
Stack trace:
#0 C:\xampp\htdocs\clientes\walga\models\Conectar.php(206): mysqli->query('insert into ven...')
#1 C:\xampp\htdocs\clientes\walga\models\Venta.php(303): conectar->ejecutar_idu('insert into ven...')
#2 C:\xampp\htdocs\clientes\walga\pwa\controller\dao_ventas.php(48): Venta->insertar()
#3 {main}
  thrown in C:\xampp\htdocs\clientes\walga\models\Conectar.php on line 206
[25-Jan-2024 11:30:31 America/Lima] PHP Fatal error:  Uncaught Error: Cannot use object of type stdClass as array in C:\xampp\htdocs\clientes\walga\pwa\controller\dao_ventas.php:55
Stack trace:
#0 {main}
  thrown in C:\xampp\htdocs\clientes\walga\pwa\controller\dao_ventas.php on line 55
[25-Jan-2024 11:43:33 America/Lima] PHP Fatal error:  Uncaught Error: Cannot use object of type stdClass as array in C:\xampp\htdocs\clientes\walga\pwa\controller\dao_ventas.php:68
Stack trace:
#0 {main}
  thrown in C:\xampp\htdocs\clientes\walga\pwa\controller\dao_ventas.php on line 68
[25-Jan-2024 13:37:25 America/Lima] PHP Fatal error:  Uncaught UnhandledMatchError: Unhandled match case NULL in C:\xampp\htdocs\clientes\walga\models\DocumentoEnvio.php:18
Stack trace:
#0 C:\xampp\htdocs\clientes\walga\pwa\controller\dao_ventas.php(64): DocumentoEnvio->enviarSunat('207', '')
#1 {main}
  thrown in C:\xampp\htdocs\clientes\walga\models\DocumentoEnvio.php on line 18
[25-Jan-2024 13:38:10 America/Lima] PHP Fatal error:  Uncaught UnhandledMatchError: Unhandled match case '3' in C:\xampp\htdocs\clientes\walga\models\DocumentoEnvio.php:17
Stack trace:
#0 C:\xampp\htdocs\clientes\walga\pwa\controller\dao_ventas.php(64): DocumentoEnvio->enviarSunat('3', '208', '')
#1 {main}
  thrown in C:\xampp\htdocs\clientes\walga\models\DocumentoEnvio.php on line 17
[25-Jan-2024 13:38:54 America/Lima] PHP Fatal error:  Uncaught UnhandledMatchError: Unhandled match case '3' in C:\xampp\htdocs\clientes\walga\models\DocumentoEnvio.php:17
Stack trace:
#0 C:\xampp\htdocs\clientes\walga\pwa\controller\dao_ventas.php(64): DocumentoEnvio->enviarSunat('3', '209', '')
#1 {main}
  thrown in C:\xampp\htdocs\clientes\walga\models\DocumentoEnvio.php on line 17
